<?xml version="1.0" encoding="UTF-8"?>
<!-- Generated by org.testng.reporters.JUnitReportReporter -->
<testsuite skipped="0" hostname="sw-lp09425" name="Demo.Demo1" tests="1" failures="0" timestamp="2020-11-09T10:28:44 IST" time="0.005" errors="0">
  <testcase name="t" time="0.005" classname="Demo.Demo1"/>
</testsuite> <!-- Demo.Demo1 -->
